2026-01-24 14:04:59,495 - INFO - Initializing Fusing of Surveys and Behavioral Data
2026-01-24 14:04:59,563 - INFO - Aggregating residential equity metrics from Tech Surveys
2026-01-24 14:04:59,586 - INFO - Processing behavioral observations and temporal lumping
2026-01-24 14:04:59,616 - INFO - Engineering Digital-to-Social Ratio (DSR)
2026-01-24 14:04:59,617 - INFO - Fusing residential and observational datasets
2026-01-24 14:04:59,620 - INFO - Master Index created at /Users/aidangrambihler/seattle-public-life-analysis/data/processed/master_vitality_index.csv. Shape: (37, 39)
2026-01-24 14:04:59,621 - INFO - Validation - Mean DSR by Era: {2018: 0.8755238095238095, 2023: 0.9550000000000001}
2026-01-24 14:29:44,681 - INFO - Initializing Fusing of Surveys and Behavioral Data
2026-01-24 14:29:44,721 - INFO - Aggregating residential equity metrics from Tech Surveys
2026-01-24 14:29:44,733 - INFO - Processing behavioral observations and temporal lumping
2026-01-24 14:29:44,760 - INFO - Engineering Digital-to-Social Ratio (DSR)
2026-01-24 14:29:44,761 - INFO - Fusing residential and observational datasets
2026-01-24 14:29:44,763 - INFO - Master Index created at /Users/aidangrambihler/seattle-public-life-analysis/data/processed/master_vitality_index.csv. Shape: (37, 45)
2026-01-24 14:29:44,763 - INFO - Validation - Mean DSR by Era: {2018: 0.8755238095238095, 2023: 0.9550000000000001}
2026-01-24 14:39:47,447 - INFO - Initializing Fusing of Surveys and Behavioral Data
2026-01-24 14:39:47,487 - INFO - Aggregating residential equity metrics from Tech Surveys
2026-01-24 14:39:47,499 - INFO - Processing behavioral observations and temporal lumping
2026-01-24 14:39:47,527 - INFO - Engineering Digital-to-Social Ratio (DSR)
2026-01-24 14:39:47,528 - INFO - Fusing residential and observational datasets
2026-01-24 14:39:47,530 - INFO - Master Index created at /Users/aidangrambihler/seattle-public-life-analysis/data/processed/master_vitality_index.csv. Shape: (37, 44)
2026-01-24 14:39:47,530 - INFO - Validation - Mean DSR by Era: {2018: 0.8755238095238095, 2023: 0.9550000000000001}
2026-01-24 15:17:28,226 - INFO - Initializing Fusing of Surveys and Behavioral Data
2026-01-24 15:17:28,265 - INFO - Aggregating residential equity metrics from Tech Surveys
2026-01-24 15:17:28,277 - INFO - Processing behavioral observations and temporal lumping
2026-01-24 15:17:28,304 - INFO - Engineering Digital-to-Social Ratio (DSR)
2026-01-24 15:17:28,305 - INFO - Fusing residential and observational datasets
2026-01-24 15:17:28,307 - INFO - Master Index created at /Users/aidangrambihler/seattle-public-life-analysis/data/processed/master_vitality_index.csv. Shape: (37, 44)
2026-01-24 15:17:28,307 - INFO - Validation - Mean DSR by Era: {2018: 0.8755238095238095, 2023: 0.9550000000000001}
